<!DOCTYPE html>
<html>
<head>
<meta http-equiv="Content-Type" content="text/html; charset=utf-8"/>
<meta http-equiv="x-ua-compatible" content="IE=edge"/>
<title>Test results - DemoProjectApplicationTests</title>
<link href="../css/base-style.css" rel="stylesheet" type="text/css"/>
<link href="../css/style.css" rel="stylesheet" type="text/css"/>
<script src="../js/report.js" type="text/javascript"></script>
</head>
<body>
<div id="content">
<h1>DemoProjectApplicationTests</h1>
<div class="breadcrumbs">
<a href="../index.html">all</a> &gt; 
<a href="../packages/com.sinensia.demo.html">com.sinensia.demo</a> &gt; DemoProjectApplicationTests</div>
<div id="summary">
<table>
<tr>
<td>
<div class="summaryGroup">
<table>
<tr>
<td>
<div class="infoBox" id="tests">
<div class="counter">39</div>
<p>tests</p>
</div>
</td>
<td>
<div class="infoBox" id="failures">
<div class="counter">0</div>
<p>failures</p>
</div>
</td>
<td>
<div class="infoBox" id="ignored">
<div class="counter">0</div>
<p>ignored</p>
</div>
</td>
<td>
<div class="infoBox" id="duration">
<div class="counter">5.135s</div>
<p>duration</p>
</div>
</td>
</tr>
</table>
</div>
</td>
<td>
<div class="infoBox success" id="successRate">
<div class="percent">100%</div>
<p>successful</p>
</div>
</td>
</tr>
</table>
</div>
<div id="tabs">
<ul class="tabLinks">
<li>
<a href="#tab0">Tests</a>
</li>
<li>
<a href="#tab1">Standard output</a>
</li>
</ul>
<div id="tab0" class="tab">
<h2>Tests</h2>
<table>
<thead>
<tr>
<th>Test</th>
<th>Method name</th>
<th>Duration</th>
<th>Result</th>
</tr>
</thead>
<tr>
<td class="success">[1] 1 + 2 = 3</td>
<td class="success">canAddCsvParameterized(String, String, String)[1]</td>
<td class="success">0.075s</td>
<td class="success">passed</td>
</tr>
<tr>
<td class="success">[2] 1 + 1 = 2</td>
<td class="success">canAddCsvParameterized(String, String, String)[2]</td>
<td class="success">0.034s</td>
<td class="success">passed</td>
</tr>
<tr>
<td class="success">[3] 1.0 + 1.0 = 2</td>
<td class="success">canAddCsvParameterized(String, String, String)[3]</td>
<td class="success">0.071s</td>
<td class="success">passed</td>
</tr>
<tr>
<td class="success">[4] 1 + -2 = -1</td>
<td class="success">canAddCsvParameterized(String, String, String)[4]</td>
<td class="success">0.045s</td>
<td class="success">passed</td>
</tr>
<tr>
<td class="success">[5] 1.5 + 2 = 3.5</td>
<td class="success">canAddCsvParameterized(String, String, String)[5]</td>
<td class="success">0.058s</td>
<td class="success">passed</td>
</tr>
<tr>
<td class="success">[6]  + 2 = 2</td>
<td class="success">canAddCsvParameterized(String, String, String)[6]</td>
<td class="success">0.042s</td>
<td class="success">passed</td>
</tr>
<tr>
<td class="success">[7] 1.5 + 1.5 = 3</td>
<td class="success">canAddCsvParameterized(String, String, String)[7]</td>
<td class="success">0.018s</td>
<td class="success">passed</td>
</tr>
<tr>
<td class="success">multiple multiplies [1] 1 + 2 = 3</td>
<td class="success">canAddCsvParameterizedFloat(String, String, String)[1]</td>
<td class="success">0.109s</td>
<td class="success">passed</td>
</tr>
<tr>
<td class="success">multiple multiplies [2] 1 + 1 = 2</td>
<td class="success">canAddCsvParameterizedFloat(String, String, String)[2]</td>
<td class="success">0.069s</td>
<td class="success">passed</td>
</tr>
<tr>
<td class="success">multiple multiplies [3] 1.0 + 1.0 = 2</td>
<td class="success">canAddCsvParameterizedFloat(String, String, String)[3]</td>
<td class="success">0.045s</td>
<td class="success">passed</td>
</tr>
<tr>
<td class="success">multiple multiplies [4] 1 + -2 = -1</td>
<td class="success">canAddCsvParameterizedFloat(String, String, String)[4]</td>
<td class="success">0.047s</td>
<td class="success">passed</td>
</tr>
<tr>
<td class="success">multiple multiplies [5] 1.5 + 2 = 3.5</td>
<td class="success">canAddCsvParameterizedFloat(String, String, String)[5]</td>
<td class="success">0.043s</td>
<td class="success">passed</td>
</tr>
<tr>
<td class="success">multiple multiplies [6]  + 2 = 2</td>
<td class="success">canAddCsvParameterizedFloat(String, String, String)[6]</td>
<td class="success">0.071s</td>
<td class="success">passed</td>
</tr>
<tr>
<td class="success">multiple multiplies [7] 1.5 + 1.5 = 3</td>
<td class="success">canAddCsvParameterizedFloat(String, String, String)[7]</td>
<td class="success">0.071s</td>
<td class="success">passed</td>
</tr>
<tr>
<td class="success">canAddExceptionJsonString()</td>
<td class="success">canAddExceptionJsonString()</td>
<td class="success">0.295s</td>
<td class="success">passed</td>
</tr>
<tr>
<td class="success">canAddFloat()</td>
<td class="success">canAddFloat()</td>
<td class="success">0.339s</td>
<td class="success">passed</td>
</tr>
<tr>
<td class="success">canAddFloatException()</td>
<td class="success">canAddFloatException()</td>
<td class="success">0.132s</td>
<td class="success">passed</td>
</tr>
<tr>
<td class="success">canAddMultiple(TestRestTemplate)</td>
<td class="success">canAddMultiple(TestRestTemplate)</td>
<td class="success">0.134s</td>
<td class="success">passed</td>
</tr>
<tr>
<td class="success">canAddNegativeTest(TestRestTemplate)</td>
<td class="success">canAddNegativeTest(TestRestTemplate)</td>
<td class="success">0.031s</td>
<td class="success">passed</td>
</tr>
<tr>
<td class="success">canAddNullATest(TestRestTemplate)</td>
<td class="success">canAddNullATest(TestRestTemplate)</td>
<td class="success">0.062s</td>
<td class="success">passed</td>
</tr>
<tr>
<td class="success">canAddNullBTest(TestRestTemplate)</td>
<td class="success">canAddNullBTest(TestRestTemplate)</td>
<td class="success">0.022s</td>
<td class="success">passed</td>
</tr>
<tr>
<td class="success">canAddRealTest(TestRestTemplate)</td>
<td class="success">canAddRealTest(TestRestTemplate)</td>
<td class="success">0.032s</td>
<td class="success">passed</td>
</tr>
<tr>
<td class="success">canAddTest(TestRestTemplate)</td>
<td class="success">canAddTest(TestRestTemplate)</td>
<td class="success">0.086s</td>
<td class="success">passed</td>
</tr>
<tr>
<td class="success">canAddZeroTest(TestRestTemplate)</td>
<td class="success">canAddZeroTest(TestRestTemplate)</td>
<td class="success">0.076s</td>
<td class="success">passed</td>
</tr>
<tr>
<td class="success">contextLoads()</td>
<td class="success">contextLoads()</td>
<td class="success">0.013s</td>
<td class="success">passed</td>
</tr>
<tr>
<td class="success">helloNameTest()</td>
<td class="success">helloNameTest()</td>
<td class="success">2.407s</td>
<td class="success">passed</td>
</tr>
<tr>
<td class="success">helloNames()</td>
<td class="success">helloNames()</td>
<td class="success">0.066s</td>
<td class="success">passed</td>
</tr>
<tr>
<td class="success">[1] name=Luis</td>
<td class="success">helloParamNames(String)[1]</td>
<td class="success">0.056s</td>
<td class="success">passed</td>
</tr>
<tr>
<td class="success">[2] name=Luis Antonio</td>
<td class="success">helloParamNames(String)[2]</td>
<td class="success">0.044s</td>
<td class="success">passed</td>
</tr>
<tr>
<td class="success">[3] name=Antonio</td>
<td class="success">helloParamNames(String)[3]</td>
<td class="success">0.037s</td>
<td class="success">passed</td>
</tr>
<tr>
<td class="success">[4] name=Reula</td>
<td class="success">helloParamNames(String)[4]</td>
<td class="success">0.049s</td>
<td class="success">passed</td>
</tr>
<tr>
<td class="success">[1] (a, Hello a!) &quot;a&quot; -&gt; &quot;Hello a!&quot;</td>
<td class="success">helloParamNamesCsv(String, String)[1]</td>
<td class="success">0.076s</td>
<td class="success">passed</td>
</tr>
<tr>
<td class="success">[2] (b, Hello b!) &quot;b&quot; -&gt; &quot;Hello b!&quot;</td>
<td class="success">helloParamNamesCsv(String, String)[2]</td>
<td class="success">0.068s</td>
<td class="success">passed</td>
</tr>
<tr>
<td class="success">[3] (null, Hello null!) &quot;null&quot; -&gt; &quot;Hello null!&quot;</td>
<td class="success">helloParamNamesCsv(String, String)[3]</td>
<td class="success">0.061s</td>
<td class="success">passed</td>
</tr>
<tr>
<td class="success">[4] (, Hello World!) &quot;&quot; -&gt; &quot;Hello World!&quot;</td>
<td class="success">helloParamNamesCsv(String, String)[4]</td>
<td class="success">0.058s</td>
<td class="success">passed</td>
</tr>
<tr>
<td class="success">[5] ( , Hello  !) &quot; &quot; -&gt; &quot;Hello  !&quot;</td>
<td class="success">helloParamNamesCsv(String, String)[5]</td>
<td class="success">0.084s</td>
<td class="success">passed</td>
</tr>
<tr>
<td class="success">[6] (first+last, Hello first last!) &quot;first+last&quot; -&gt; &quot;Hello first last!&quot;</td>
<td class="success">helloParamNamesCsv(String, String)[6]</td>
<td class="success">0.046s</td>
<td class="success">passed</td>
</tr>
<tr>
<td class="success">helloTest()</td>
<td class="success">helloTest()</td>
<td class="success">0.038s</td>
<td class="success">passed</td>
</tr>
<tr>
<td class="success">rootTest()</td>
<td class="success">rootTest()</td>
<td class="success">0.025s</td>
<td class="success">passed</td>
</tr>
</table>
</div>
<div id="tab1" class="tab">
<h2>Standard output</h2>
<span class="code">
<pre>14:06:45.027 [Test worker] DEBUG org.springframework.test.context.BootstrapUtils - Instantiating CacheAwareContextLoaderDelegate from class [org.springframework.test.context.cache.DefaultCacheAwareContextLoaderDelegate]
14:06:45.108 [Test worker] DEBUG org.springframework.test.context.BootstrapUtils - Instantiating BootstrapContext using constructor [public org.springframework.test.context.support.DefaultBootstrapContext(java.lang.Class,org.springframework.test.context.CacheAwareContextLoaderDelegate)]
14:06:45.603 [Test worker] DEBUG org.springframework.test.context.BootstrapUtils - Instantiating TestContextBootstrapper for test class [com.sinensia.demo.DemoProjectApplicationTests] from class [org.springframework.boot.test.context.SpringBootTestContextBootstrapper]
14:06:45.681 [Test worker] INFO org.springframework.boot.test.context.SpringBootTestContextBootstrapper - Neither @ContextConfiguration nor @ContextHierarchy found for test class [com.sinensia.demo.DemoProjectApplicationTests], using SpringBootContextLoader
14:06:45.740 [Test worker] DEBUG org.springframework.test.context.support.AbstractContextLoader - Did not detect default resource location for test class [com.sinensia.demo.DemoProjectApplicationTests]: class path resource [com/sinensia/demo/DemoProjectApplicationTests-context.xml] does not exist
14:06:45.742 [Test worker] DEBUG org.springframework.test.context.support.AbstractContextLoader - Did not detect default resource location for test class [com.sinensia.demo.DemoProjectApplicationTests]: class path resource [com/sinensia/demo/DemoProjectApplicationTestsContext.groovy] does not exist
14:06:45.742 [Test worker] INFO org.springframework.test.context.support.AbstractContextLoader - Could not detect default resource locations for test class [com.sinensia.demo.DemoProjectApplicationTests]: no resource found for suffixes {-context.xml, Context.groovy}.
14:06:45.762 [Test worker] DEBUG org.springframework.test.context.support.AnnotationConfigContextLoaderUtils - Ignoring class [com.sinensia.demo.DemoProjectApplicationTests$DivisionTests]; it must be static, non-private, non-final, and annotated with @Configuration to be considered a default configuration class.
14:06:45.768 [Test worker] DEBUG org.springframework.test.context.support.AnnotationConfigContextLoaderUtils - Ignoring class [com.sinensia.demo.DemoProjectApplicationTests$SubtractionTests]; it must be static, non-private, non-final, and annotated with @Configuration to be considered a default configuration class.
14:06:45.768 [Test worker] DEBUG org.springframework.test.context.support.AnnotationConfigContextLoaderUtils - Ignoring class [com.sinensia.demo.DemoProjectApplicationTests$MultiplyTests]; it must be static, non-private, non-final, and annotated with @Configuration to be considered a default configuration class.
14:06:45.768 [Test worker] DEBUG org.springframework.test.context.support.AnnotationConfigContextLoaderUtils - Ignoring class [com.sinensia.demo.DemoProjectApplicationTests$AppTests]; it must be static, non-private, non-final, and annotated with @Configuration to be considered a default configuration class.
14:06:45.769 [Test worker] INFO org.springframework.test.context.support.AnnotationConfigContextLoaderUtils - Could not detect default configuration classes for test class [com.sinensia.demo.DemoProjectApplicationTests]: DemoProjectApplicationTests does not declare any static, non-private, non-final, nested classes annotated with @Configuration.
14:06:46.189 [Test worker] DEBUG org.springframework.test.context.support.ActiveProfilesUtils - Could not find an 'annotation declaring class' for annotation type [org.springframework.test.context.ActiveProfiles] and class [com.sinensia.demo.DemoProjectApplicationTests]
14:06:46.607 [Test worker] DEBUG org.springframework.context.annotation.ClassPathScanningCandidateComponentProvider - Identified candidate component class: file [/home/gftadmin/Desktop/hello-spring/build/classes/java/main/com/sinensia/demo/DemoProjectApplication.class]
14:06:46.616 [Test worker] INFO org.springframework.boot.test.context.SpringBootTestContextBootstrapper - Found @SpringBootConfiguration com.sinensia.demo.DemoProjectApplication for test class com.sinensia.demo.DemoProjectApplicationTests
14:06:47.201 [Test worker] DEBUG org.springframework.boot.test.context.SpringBootTestContextBootstrapper - @TestExecutionListeners is not present for class [com.sinensia.demo.DemoProjectApplicationTests]: using defaults.
14:06:47.203 [Test worker] INFO org.springframework.boot.test.context.SpringBootTestContextBootstrapper - Loaded default TestExecutionListener class names from location [META-INF/spring.factories]: [org.springframework.boot.test.autoconfigure.restdocs.RestDocsTestExecutionListener, org.springframework.boot.test.autoconfigure.web.client.MockRestServiceServerResetTestExecutionListener, org.springframework.boot.test.autoconfigure.web.servlet.MockMvcPrintOnlyOnFailureTestExecutionListener, org.springframework.boot.test.autoconfigure.web.servlet.WebDriverTestExecutionListener, org.springframework.boot.test.autoconfigure.webservices.client.MockWebServiceServerTestExecutionListener, org.springframework.boot.test.mock.mockito.MockitoTestExecutionListener, org.springframework.boot.test.mock.mockito.ResetMocksTestExecutionListener, org.springframework.test.context.web.ServletTestExecutionListener, org.springframework.test.context.support.DirtiesContextBeforeModesTestExecutionListener, org.springframework.test.context.event.ApplicationEventsTestExecutionListener, org.springframework.test.context.support.DependencyInjectionTestExecutionListener, org.springframework.test.context.support.DirtiesContextTestExecutionListener, org.springframework.test.context.transaction.TransactionalTestExecutionListener, org.springframework.test.context.jdbc.SqlScriptsTestExecutionListener, org.springframework.test.context.event.EventPublishingTestExecutionListener]
14:06:47.309 [Test worker] DEBUG org.springframework.boot.test.context.SpringBootTestContextBootstrapper - Skipping candidate TestExecutionListener [org.springframework.test.context.transaction.TransactionalTestExecutionListener] due to a missing dependency. Specify custom listener classes or make the default listener classes and their required dependencies available. Offending class: [org/springframework/transaction/interceptor/TransactionAttributeSource]
14:06:47.311 [Test worker] DEBUG org.springframework.boot.test.context.SpringBootTestContextBootstrapper - Skipping candidate TestExecutionListener [org.springframework.test.context.jdbc.SqlScriptsTestExecutionListener] due to a missing dependency. Specify custom listener classes or make the default listener classes and their required dependencies available. Offending class: [org/springframework/transaction/interceptor/TransactionAttribute]
14:06:47.313 [Test worker] INFO org.springframework.boot.test.context.SpringBootTestContextBootstrapper - Using TestExecutionListeners: [org.springframework.test.context.web.ServletTestExecutionListener@11e3d08, org.springframework.test.context.support.DirtiesContextBeforeModesTestExecutionListener@25c548d1, org.springframework.test.context.event.ApplicationEventsTestExecutionListener@476a2819, org.springframework.boot.test.mock.mockito.MockitoTestExecutionListener@279ab15e, org.springframework.boot.test.autoconfigure.SpringBootDependencyInjectionTestExecutionListener@571c2ed8, org.springframework.test.context.support.DirtiesContextTestExecutionListener@5810772a, org.springframework.test.context.event.EventPublishingTestExecutionListener@4eacb6d1, org.springframework.boot.test.autoconfigure.restdocs.RestDocsTestExecutionListener@3ccefe1b, org.springframework.boot.test.autoconfigure.web.client.MockRestServiceServerResetTestExecutionListener@a926db4, org.springframework.boot.test.autoconfigure.web.servlet.MockMvcPrintOnlyOnFailureTestExecutionListener@51e0f2eb, org.springframework.boot.test.autoconfigure.web.servlet.WebDriverTestExecutionListener@7a51dc38, org.springframework.boot.test.autoconfigure.webservices.client.MockWebServiceServerTestExecutionListener@31a4db4f, org.springframework.boot.test.mock.mockito.ResetMocksTestExecutionListener@2842ef02]
14:06:47.322 [Test worker] DEBUG org.springframework.test.context.support.AbstractDirtiesContextTestExecutionListener - Before test class: context [DefaultTestContext@306bf4c3 testClass = DemoProjectApplicationTests, testInstance = [null], testMethod = [null], testException = [null], mergedContextConfiguration = [WebMergedContextConfiguration@5cf80dfb testClass = DemoProjectApplicationTests, locations = '{}', classes = '{class com.sinensia.demo.DemoProjectApplication}', contextInitializerClasses = '[]', activeProfiles = '{}', propertySourceLocations = '{}', propertySourceProperties = '{org.springframework.boot.test.context.SpringBootTestContextBootstrapper=true, server.port=0}', contextCustomizers = set[org.springframework.boot.test.autoconfigure.actuate.metrics.MetricsExportContextCustomizerFactory$DisableMetricExportContextCustomizer@5d7f8467, org.springframework.boot.test.autoconfigure.properties.PropertyMappingContextCustomizer@ec54a5c9, org.springframework.boot.test.autoconfigure.web.servlet.WebDriverContextCustomizerFactory$Customizer@6c9a3661, [ImportsContextCustomizer@532ea86b key = [org.springframework.boot.autoconfigure.security.oauth2.client.reactive.ReactiveOAuth2ClientAutoConfiguration, org.springframework.boot.autoconfigure.security.oauth2.resource.reactive.ReactiveOAuth2ResourceServerAutoConfiguration, org.springframework.boot.autoconfigure.security.reactive.ReactiveSecurityAutoConfiguration, org.springframework.boot.autoconfigure.security.reactive.ReactiveUserDetailsServiceAutoConfiguration, org.springframework.boot.test.autoconfigure.web.reactive.WebTestClientAutoConfiguration]], org.springframework.boot.test.context.filter.ExcludeFilterContextCustomizer@f95d64d, org.springframework.boot.test.json.DuplicateJsonObjectContextCustomizerFactory$DuplicateJsonObjectContextCustomizer@482a58c7, org.springframework.boot.test.mock.mockito.MockitoContextCustomizer@0, org.springframework.boot.test.web.client.TestRestTemplateContextCustomizer@5599b5bb, org.springframework.boot.test.context.SpringBootTestArgs@1, org.springframework.boot.test.context.SpringBootTestWebEnvironment@49cf9028], resourceBasePath = 'src/main/webapp', contextLoader = 'org.springframework.boot.test.context.SpringBootContextLoader', parent = [null]], attributes = map['org.springframework.test.context.web.ServletTestExecutionListener.activateListener' -&gt; false]], class annotated with @DirtiesContext [false] with mode [null].
14:06:47.371 [Test worker] DEBUG org.springframework.test.context.support.DependencyInjectionTestExecutionListener - Performing dependency injection for test context [[DefaultTestContext@306bf4c3 testClass = DemoProjectApplicationTests, testInstance = com.sinensia.demo.DemoProjectApplicationTests@70d7a49b, testMethod = [null], testException = [null], mergedContextConfiguration = [WebMergedContextConfiguration@5cf80dfb testClass = DemoProjectApplicationTests, locations = '{}', classes = '{class com.sinensia.demo.DemoProjectApplication}', contextInitializerClasses = '[]', activeProfiles = '{}', propertySourceLocations = '{}', propertySourceProperties = '{org.springframework.boot.test.context.SpringBootTestContextBootstrapper=true, server.port=0}', contextCustomizers = set[org.springframework.boot.test.autoconfigure.actuate.metrics.MetricsExportContextCustomizerFactory$DisableMetricExportContextCustomizer@5d7f8467, org.springframework.boot.test.autoconfigure.properties.PropertyMappingContextCustomizer@ec54a5c9, org.springframework.boot.test.autoconfigure.web.servlet.WebDriverContextCustomizerFactory$Customizer@6c9a3661, [ImportsContextCustomizer@532ea86b key = [org.springframework.boot.autoconfigure.security.oauth2.client.reactive.ReactiveOAuth2ClientAutoConfiguration, org.springframework.boot.autoconfigure.security.oauth2.resource.reactive.ReactiveOAuth2ResourceServerAutoConfiguration, org.springframework.boot.autoconfigure.security.reactive.ReactiveSecurityAutoConfiguration, org.springframework.boot.autoconfigure.security.reactive.ReactiveUserDetailsServiceAutoConfiguration, org.springframework.boot.test.autoconfigure.web.reactive.WebTestClientAutoConfiguration]], org.springframework.boot.test.context.filter.ExcludeFilterContextCustomizer@f95d64d, org.springframework.boot.test.json.DuplicateJsonObjectContextCustomizerFactory$DuplicateJsonObjectContextCustomizer@482a58c7, org.springframework.boot.test.mock.mockito.MockitoContextCustomizer@0, org.springframework.boot.test.web.client.TestRestTemplateContextCustomizer@5599b5bb, org.springframework.boot.test.context.SpringBootTestArgs@1, org.springframework.boot.test.context.SpringBootTestWebEnvironment@49cf9028], resourceBasePath = 'src/main/webapp', contextLoader = 'org.springframework.boot.test.context.SpringBootContextLoader', parent = [null]], attributes = map['org.springframework.test.context.web.ServletTestExecutionListener.activateListener' -&gt; false, 'org.springframework.test.context.event.ApplicationEventsTestExecutionListener.recordApplicationEvents' -&gt; false]]].

  .   ____          _            __ _ _
 /\\ / ___'_ __ _ _(_)_ __  __ _ \ \ \ \
( ( )\___ | '_ | '_| | '_ \/ _` | \ \ \ \
 \\/  ___)| |_)| | | | | || (_| |  ) ) ) )
  '  |____| .__|_| |_|_| |_\__, | / / / /
 =========|_|==============|___/=/_/_/_/
 :: Spring Boot ::                (v2.6.3)

2022-02-01 14:06:49.513  INFO 12352 --- [    Test worker] c.s.demo.DemoProjectApplicationTests     : Starting DemoProjectApplicationTests using Java 11.0.13 on ubuntu with PID 12352 (started by gftadmin in /home/gftadmin/Desktop/hello-spring)
2022-02-01 14:06:49.515  INFO 12352 --- [    Test worker] c.s.demo.DemoProjectApplicationTests     : No active profile set, falling back to default profiles: default
2022-02-01 14:06:53.556  INFO 12352 --- [    Test worker] o.s.b.w.embedded.tomcat.TomcatWebServer  : Tomcat initialized with port(s): 0 (http)
2022-02-01 14:06:53.606  INFO 12352 --- [    Test worker] o.apache.catalina.core.StandardService   : Starting service [Tomcat]
2022-02-01 14:06:53.610  INFO 12352 --- [    Test worker] org.apache.catalina.core.StandardEngine  : Starting Servlet engine: [Apache Tomcat/9.0.56]
2022-02-01 14:06:53.942  INFO 12352 --- [    Test worker] o.a.c.c.C.[Tomcat].[localhost].[/]       : Initializing Spring embedded WebApplicationContext
2022-02-01 14:06:53.946  INFO 12352 --- [    Test worker] w.s.c.ServletWebServerApplicationContext : Root WebApplicationContext: initialization completed in 4309 ms
2022-02-01 14:06:55.662  INFO 12352 --- [    Test worker] o.s.b.w.embedded.tomcat.TomcatWebServer  : Tomcat started on port(s): 33019 (http) with context path ''
2022-02-01 14:06:55.687  INFO 12352 --- [    Test worker] c.s.demo.DemoProjectApplicationTests     : Started DemoProjectApplicationTests in 8.232 seconds (JVM running for 14.217)
2022-02-01 14:06:57.488  INFO 12352 --- [o-auto-1-exec-1] o.a.c.c.C.[Tomcat].[localhost].[/]       : Initializing Spring DispatcherServlet 'dispatcherServlet'
2022-02-01 14:06:57.490  INFO 12352 --- [o-auto-1-exec-1] o.s.web.servlet.DispatcherServlet        : Initializing Servlet 'dispatcherServlet'
2022-02-01 14:06:57.493  INFO 12352 --- [o-auto-1-exec-1] o.s.web.servlet.DispatcherServlet        : Completed initialization in 2 ms
2022-02-01 14:07:00.374  WARN 12352 --- [o-auto-1-exec-8] .w.s.m.s.DefaultHandlerExceptionResolver : Resolved [org.springframework.web.method.annotation.MethodArgumentTypeMismatchException: Failed to convert value of type 'java.lang.String' to required type 'java.lang.Float'; nested exception is java.lang.NumberFormatException: For input string: &quot;string&quot;]
2022-02-01 14:07:00.817  WARN 12352 --- [-auto-1-exec-10] .w.s.m.s.DefaultHandlerExceptionResolver : Resolved [org.springframework.web.method.annotation.MethodArgumentTypeMismatchException: Failed to convert value of type 'java.lang.String' to required type 'java.lang.Float'; nested exception is java.lang.NumberFormatException: For input string: &quot;hola&quot;]
</pre>
</span>
</div>
</div>
<div id="footer">
<p>
<div>
<label class="hidden" id="label-for-line-wrapping-toggle" for="line-wrapping-toggle">Wrap lines
<input id="line-wrapping-toggle" type="checkbox" autocomplete="off"/>
</label>
</div>Generated by 
<a href="http://www.gradle.org">Gradle 7.3.3</a> at Feb 1, 2022, 2:07:04 PM</p>
</div>
</div>
</body>
</html>
